\BOOKMARK [1][-]{section.1}{\376\377\000I\000t\000e\000r\000a\000t\000i\000v\000e\000l\000y\000\040\000I\000m\000p\000l\000i\000c\000i\000t\000\040\000M\000e\000t\000h\000o\000d\000s}{}% 1
\BOOKMARK [2][-]{subsection.1.1}{\376\377\000a}{section.1}% 2
\BOOKMARK [2][-]{subsection.1.2}{\376\377\000b}{section.1}% 3
\BOOKMARK [2][-]{subsection.1.3}{\376\377\000c}{section.1}% 4
\BOOKMARK [2][-]{subsection.1.4}{\376\377\000d}{section.1}% 5
\BOOKMARK [1][-]{section.2}{\376\377\000H\000a\000a\000r\000m\000o\000n\000i\000c\000a\000l\000l\000y\000\040\000F\000o\000r\000c\000e\000d\000\040\000U\000n\000d\000a\000m\000p\000e\000d\000\040\000O\000s\000c\000i\000l\000l\000a\000t\000o\000r}{}% 6
\BOOKMARK [2][-]{subsection.2.1}{\376\377\000a}{section.2}% 7
\BOOKMARK [2][-]{subsection.2.2}{\376\377\000b}{section.2}% 8
\BOOKMARK [2][-]{subsection.2.3}{\376\377\000c}{section.2}% 9
\BOOKMARK [2][-]{subsection.2.4}{\376\377\000d}{section.2}% 10
\BOOKMARK [2][-]{subsection.2.5}{\376\377\000e}{section.2}% 11
\BOOKMARK [3][-]{subsubsection.2.5.1}{\376\377\000i}{subsection.2.5}% 12
\BOOKMARK [3][-]{subsubsection.2.5.2}{\376\377\000i\000i}{subsection.2.5}% 13
\BOOKMARK [3][-]{subsubsection.2.5.3}{\376\377\000i\000i\000i}{subsection.2.5}% 14
\BOOKMARK [2][-]{subsection.2.6}{\376\377\000d}{section.2}% 15
\BOOKMARK [1][-]{section.3}{\376\377\000I\000m\000p\000l\000i\000c\000i\000t\000\040\000a\000n\000d\000\040\000E\000x\000p\000l\000i\000c\000i\000t\000\040\000A\000n\000a\000l\000o\000g\000s\000\040\000o\000f\000\040\000C\000o\000m\000m\000o\000n\000\040\000M\000e\000t\000h\000o\000d\000s}{}% 16
\BOOKMARK [2][-]{subsection.3.1}{\376\377\000a}{section.3}% 17
\BOOKMARK [2][-]{subsection.3.2}{\376\377\000b}{section.3}% 18
\BOOKMARK [1][-]{section.4}{\376\377\000S\000t\000i\000f\000f\000\040\000S\000y\000s\000t\000e\000m\000s\000\040\000o\000f\000\040\000O\000D\000E\000s}{}% 19
\BOOKMARK [2][-]{subsection.4.1}{\376\377\000a}{section.4}% 20
\BOOKMARK [2][-]{subsection.4.2}{\376\377\000b}{section.4}% 21
